
 dscf (tuxedo-pulse-14-gen1) : TURBOMOLE rev. V7-9 compiled 21 Nov 2024 at 16:25:24
 Copyright (C) 2024 TURBOMOLE GmbH, Karlsruhe


    2025-09-05 11:25:54.608 



                             d s c f - program

                   idea & directorship : reinhart ahlrichs
                   program development : marco haeser
                                         michael baer
                           dft version : oliver treutler


                          quantum chemistry group
                          universitaet  karlsruhe
                                  germany



   *-----------------------------------------------------------------------*
   |                     program will use  1 thread(s)                     |
   *-----------------------------------------------------------------------*


              +--------------------------------------------------+
              | Atomic coordinate, charge and isotop information |
              +--------------------------------------------------+

                    atomic coordinates            atom    charge  isotop
          7.91204060    5.67574023    5.00129246    na    11.000     0
          3.70373269    3.03925668    0.11951922    na    11.000     0
          4.93871972   12.32080665    5.49473211    na    11.000     0
         10.01653038   10.87314383    1.61323455    na    11.000     0
          9.02857952    5.77048722   -2.22767881    na    11.000     0
          1.38841941    6.91946340    4.70362428    na    11.000     0
          9.72225438    0.12484399    1.39352753    na    11.000     0
          3.85000953    9.64058355   -0.92774918    na    11.000     0
 
       center of nuclear mass  :    6.32003578    6.79554069    1.89631277
       center of nuclear charge:    6.32003578    6.79554069    1.89631277

              +--------------------------------------------------+
              |               basis set information              |
              +--------------------------------------------------+

              we will work with the 1s 3p 5d 7f 9g ... basis set
              ...i.e. with spherical basis functions...

   type   atoms  prim   cont   basis
   ---------------------------------------------------------------------------
    na       8     28     10   def-SV(P)   [4s2p|10s6p]
   ---------------------------------------------------------------------------
   total:    8    224     80
   ---------------------------------------------------------------------------

   total number of primitive shells          :   16
   total number of contracted shells         :   48
   total number of cartesian basis functions :   80
   total number of SCF-basis functions       :   80


 integral neglect threshold       :  0.42E-10
 integral storage threshold THIZE :  0.10E-04
 integral storage threshold THIME :         5


 symmetry group of the molecule :   c1 

 the group has the following generators :
   c1(z)

    1 symmetry operations found

 there are 1 real representations :   a   

 maximum number of shells which are related by symmetry :  1


          ------------------------
          nuclear repulsion energy  :   437.498821894    
          ------------------------


         -----------------
         -S,T+V- integrals
         -----------------

 1e-integrals will be neglected if expon. factor < 0.417745E-11
 
 Difference densities algorithm switched on.
 The maximal number of linear combinations of
 difference densities is  20.

 DIIS switched on: error vector is FDS-SDF
 Max. Iterations for DIIS is     :   5
 DIIS matrix (see manual) 
    Scaling factor of diagonals  :  1.200
    threshold for scaling factor :  0.000

 scf convergence criterion : increment of total energy < .1000000D-06
                  and increment of one-electron energy < .1000000D-03

 MOs are in ASCII format !


    mo occupation :
   irrep   mo's   occupied
    a       80       45
 
 number of basis functions   :    80
 number of occupied orbitals :    45
 

 reading orbital data $uhfmo_alpha  from file alpha
 orbital characterization : expanded

 reading orbital data $uhfmo_beta  from file beta
 orbital characterization : expanded
 virtual MOs provided and orthogonalized by Cholesky decomposition
 virtual MOs provided and orthogonalized by Cholesky decomposition

 UHF mode switched on !

 automatic virtual orbital shift switched on 
      shift if e(lumo)-e(homo) < 0.10000000    


 DSCF restart information will be dumped onto file alpha

 
                                              current damping :  1.000
 ITERATION  ENERGY          1e-ENERGY        2e-ENERGY     NORM[dD(SAO)]  TOL
   1  -1294.2970146416    -2708.7768715     976.98103493    0.000D+00 0.417D-10
          max. resid. norm for Fia-block=  9.661D-02 for orbital      2a    beta 
          max. resid. fock norm         =  1.085D-01 for orbital     48a    beta 
          Delta Eig. =        25.8937881796 eV 
 
                                              current damping :  0.950
 ITERATION  ENERGY          1e-ENERGY        2e-ENERGY     NORM[dD(SAO)]  TOL
   2  -1294.3145340731    -2708.5318524     976.71849648    0.268D+00 0.265D-10
          Norm of current diis error: 0.23702    
          max. resid. norm for Fia-block=  4.535D-02 for orbital     45a    alpha
          max. resid. fock norm         =  6.134D-02 for orbital     45a    beta 
          Delta Eig. =        13.2618106553 eV 
 
                                              current damping :  0.800
 ITERATION  ENERGY          1e-ENERGY        2e-ENERGY     NORM[dD(SAO)]  TOL
   3  -1294.3321320702    -2708.2677376     976.43678367    0.877D-01 0.160D-10
          Norm of current diis error: 0.16229    
          max. resid. norm for Fia-block=  4.190D-02 for orbital     45a    alpha
          max. resid. fock norm         =  5.183D-02 for orbital     45a    beta 
          Delta Eig. =         6.9821530081 eV 
 
                                              current damping :  0.650
 ITERATION  ENERGY          1e-ENERGY        2e-ENERGY     NORM[dD(SAO)]  TOL
   4  -1294.3500933202    -2707.9890769     976.14016165    0.603D-01 0.115D-10
          Norm of current diis error: 0.10878    
          max. resid. norm for Fia-block=  3.612D-02 for orbital     45a    alpha
          max. resid. fock norm         =  3.912D-02 for orbital     45a    beta 
          Delta Eig. =         3.3734317366 eV 
 
                                              current damping :  0.500
 ITERATION  ENERGY          1e-ENERGY        2e-ENERGY     NORM[dD(SAO)]  TOL
   5  -1294.3651503258    -2707.6934190     975.82944680    0.266D-01 0.922D-11
          Norm of current diis error: 0.69419E-01
          max. resid. norm for Fia-block=  2.843D-02 for orbital     45a    alpha
          max. resid. fock norm         =  2.853D-02 for orbital     45a    alpha
 mo-orthogonalization: Cholesky decomposition
          Delta Eig. =         1.5008503615 eV 
 
                                              current damping :  0.350
 ITERATION  ENERGY          1e-ENERGY        2e-ENERGY     NORM[dD(SAO)]  TOL
   6  -1294.3746399954    -2707.4106550     975.53719314    0.207D-01 0.801D-11
          Norm of current diis error: 0.42486E-01
          max. resid. norm for Fia-block=  1.983D-02 for orbital     45a    alpha
          max. resid. fock norm         =  1.990D-02 for orbital     45a    alpha
          Delta Eig. =         0.5932185549 eV 
 
                                              current damping :  0.200
 ITERATION  ENERGY          1e-ENERGY        2e-ENERGY     NORM[dD(SAO)]  TOL
   7  -1294.3791209782    -2707.2173534     975.33941052    0.176D-01 0.738D-11
          Norm of current diis error: 0.25458E-01
          max. resid. norm for Fia-block=  1.189D-02 for orbital     45a    alpha
          max. resid. fock norm         =  1.198D-02 for orbital     45a    alpha
          Delta Eig. =         0.2044391973 eV 
 
                                              current damping :  0.100
 ITERATION  ENERGY          1e-ENERGY        2e-ENERGY     NORM[dD(SAO)]  TOL
   8  -1294.3808763372    -2707.1191297     975.23943151    0.106D-01 0.707D-11
          Norm of current diis error: 0.16251E-01
          max. resid. norm for Fia-block=  7.023D-03 for orbital     42a    beta 
          max. resid. fock norm         =  7.055D-03 for orbital     42a    beta 
          Delta Eig. =         0.0513826420 eV 
 
                                              current damping :  0.100
 ITERATION  ENERGY          1e-ENERGY        2e-ENERGY     NORM[dD(SAO)]  TOL
   9  -1294.3815993034    -2707.0775245     975.19710331    0.685D-02 0.694D-11
          Norm of current diis error: 0.11455E-01
          max. resid. norm for Fia-block=  5.905D-03 for orbital     42a    alpha
          max. resid. fock norm         =  5.918D-03 for orbital     42a    alpha
          Delta Eig. =         0.0413836736 eV 
 
                                              current damping :  0.100
 ITERATION  ENERGY          1e-ENERGY        2e-ENERGY     NORM[dD(SAO)]  TOL
  10  -1294.3819944669    -2707.0548683     975.17405190    0.582D-02 0.687D-11
          Norm of current diis error: 0.81136E-02
          max. resid. norm for Fia-block=  4.785D-03 for orbital     42a    alpha
          max. resid. fock norm         =  4.803D-03 for orbital     42a    alpha
 mo-orthogonalization: Cholesky decomposition
          Delta Eig. =         0.0371833379 eV 
 
                                              current damping :  0.100
 ITERATION  ENERGY          1e-ENERGY        2e-ENERGY     NORM[dD(SAO)]  TOL
  11  -1294.3822236280    -2707.0384532     975.15740770    0.296D-02 0.681D-11
          Norm of current diis error: 0.58662E-02
          max. resid. norm for Fia-block=  2.826D-03 for orbital     42a    beta 
          max. resid. fock norm         =  2.845D-03 for orbital     42a    beta 
          Delta Eig. =         0.0206236148 eV 
 
                                              current damping :  0.100
 ITERATION  ENERGY          1e-ENERGY        2e-ENERGY     NORM[dD(SAO)]  TOL
  12  -1294.3823379374    -2707.0301488     975.14898895    0.158D-02 0.677D-11
          Norm of current diis error: 0.48188E-02
          max. resid. norm for Fia-block=  1.963D-03 for orbital     42a    beta 
          max. resid. fock norm         =  1.978D-03 for orbital     42a    beta 
          Delta Eig. =         0.0100768901 eV 
 
                                              current damping :  0.100
 ITERATION  ENERGY          1e-ENERGY        2e-ENERGY     NORM[dD(SAO)]  TOL
  13  -1294.3824111249    -2707.0261200     975.14488694    0.145D-02 0.672D-11
          Norm of current diis error: 0.41966E-02
          max. resid. norm for Fia-block=  2.070D-03 for orbital     43a    alpha
          max. resid. fock norm         =  2.071D-03 for orbital     43a    alpha
          Delta Eig. =         0.0078062496 eV 
 
                                              current damping :  0.100
 ITERATION  ENERGY          1e-ENERGY        2e-ENERGY     NORM[dD(SAO)]  TOL
  14  -1294.3824777180    -2707.0234787     975.14217908    0.732D-03 0.665D-11
          Norm of current diis error: 0.36222E-02
          max. resid. norm for Fia-block=  2.508D-03 for orbital     43a    alpha
          max. resid. fock norm         =  2.510D-03 for orbital     43a    alpha
          Delta Eig. =         0.0074498139 eV 
 
                                              current damping :  0.100
 ITERATION  ENERGY          1e-ENERGY        2e-ENERGY     NORM[dD(SAO)]  TOL
  15  -1294.3825431135    -2707.0218006     975.14043559    0.664D-03 0.653D-11
          Norm of current diis error: 0.30379E-02
          max. resid. norm for Fia-block=  2.587D-03 for orbital     43a    alpha
          max. resid. fock norm         =  2.589D-03 for orbital     43a    alpha
 mo-orthogonalization: Cholesky decomposition
          Delta Eig. =         0.0084975904 eV 
 
                                              current damping :  0.100
 ITERATION  ENERGY          1e-ENERGY        2e-ENERGY     NORM[dD(SAO)]  TOL
  16  -1294.3825965863    -2707.0213229     975.13990441    0.426D-03 0.636D-11
          Norm of current diis error: 0.25712E-02
          max. resid. norm for Fia-block=  1.973D-03 for orbital     43a    alpha
          max. resid. fock norm         =  1.975D-03 for orbital     43a    alpha
          Delta Eig. =         0.0073849171 eV 
 
                                              current damping :  0.150
 ITERATION  ENERGY          1e-ENERGY        2e-ENERGY     NORM[dD(SAO)]  TOL
  17  -1294.3826312639    -2707.0219895     975.14053633    0.258D-03 0.618D-11
          Norm of current diis error: 0.23296E-02
          max. resid. norm for Fia-block=  1.206D-03 for orbital     43a    alpha
          max. resid. fock norm         =  1.208D-03 for orbital     43a    alpha
          Delta Eig. =         0.0044704873 eV 
 
                                              current damping :  0.100
 ITERATION  ENERGY          1e-ENERGY        2e-ENERGY     NORM[dD(SAO)]  TOL
  18  -1294.3826521717    -2707.0230328     975.14155874    0.223D-03 0.603D-11
          Norm of current diis error: 0.22529E-02
          max. resid. norm for Fia-block=  7.190D-04 for orbital     43a    beta 
          max. resid. fock norm         =  7.220D-04 for orbital     43a    beta 
          Delta Eig. =         0.0031999619 eV 
 
                                              current damping :  0.100
 ITERATION  ENERGY          1e-ENERGY        2e-ENERGY     NORM[dD(SAO)]  TOL
  19  -1294.3826672188    -2707.0239215     975.14243235    0.738D-04 0.590D-11
          Norm of current diis error: 0.22541E-02
          max. resid. norm for Fia-block=  4.412D-04 for orbital     44a    beta 
          max. resid. fock norm         =  4.420D-04 for orbital     44a    beta 
          Delta Eig. =         0.0016860004 eV 
 
                                              current damping :  0.100
 ITERATION  ENERGY          1e-ENERGY        2e-ENERGY     NORM[dD(SAO)]  TOL
  20  -1294.3826758408    -2707.0244373     975.14293959    0.645D-04 0.580D-11
          Norm of current diis error: 0.22861E-02
          max. resid. norm for Fia-block=  1.753D-04 for orbital     44a    beta 
          max. resid. fock norm         =  1.758D-04 for orbital     44a    beta 
 mo-orthogonalization: Cholesky decomposition
          Delta Eig. =         0.0004480996 eV 
 
                                              current damping :  0.100
 ITERATION  ENERGY          1e-ENERGY        2e-ENERGY     NORM[dD(SAO)]  TOL
  21  -1294.3826783490    -2707.0246000     975.14309975    0.219D-01 0.597D-11
          Norm of current diis error: 0.23117E-02
          max. resid. norm for Fia-block=  7.385D-05 for orbital     43a    alpha
          max. resid. fock norm         =  7.389D-05 for orbital     43a    alpha
          Delta Eig. =         0.0002547626 eV 
 
                                              current damping :  0.150
 ITERATION  ENERGY          1e-ENERGY        2e-ENERGY     NORM[dD(SAO)]  TOL
  22  -1294.3826782195    -2707.0245857     975.14308557    0.219D-01 0.417D-10
          Norm of current diis error: 0.23208E-02
          max. resid. norm for Fia-block=  1.908D-04 for orbital     43a    beta 
          max. resid. fock norm         =  1.917D-04 for orbital     43a    beta 
          Delta Eig. =         0.0006763772 eV 
 
                                              current damping :  0.200
 ITERATION  ENERGY          1e-ENERGY        2e-ENERGY     NORM[dD(SAO)]  TOL
  23  -1294.3826821864    -2707.0247047     975.14320065    0.476D-02 0.264D-10
          Norm of current diis error: 0.23322E-02
          max. resid. norm for Fia-block=  3.155D-04 for orbital     44a    beta 
          max. resid. fock norm         =  3.158D-04 for orbital     44a    beta 
          Delta Eig. =         0.0009191897 eV 
 
                                              current damping :  0.100
 ITERATION  ENERGY          1e-ENERGY        2e-ENERGY     NORM[dD(SAO)]  TOL
  24  -1294.3826882178    -2707.0248826     975.14337252    0.140D-02 0.158D-10
          Norm of current diis error: 0.23611E-02
          max. resid. norm for Fia-block=  3.035D-04 for orbital     44a    beta 
          max. resid. fock norm         =  3.038D-04 for orbital     44a    beta 
          Delta Eig. =         0.0008657393 eV 
 
                                              current damping :  0.100
 ITERATION  ENERGY          1e-ENERGY        2e-ENERGY     NORM[dD(SAO)]  TOL
  25  -1294.3826944493    -2707.0250402     975.14352382    0.653D-04 0.122D-10
          Norm of current diis error: 0.23972E-02
          max. resid. norm for Fia-block=  1.634D-04 for orbital     44a    beta 
          max. resid. fock norm         =  1.635D-04 for orbital     44a    beta 
 mo-orthogonalization: Cholesky decomposition
          Delta Eig. =         0.0003779330 eV 
 
                                              current damping :  0.100
 ITERATION  ENERGY          1e-ENERGY        2e-ENERGY     NORM[dD(SAO)]  TOL
  26  -1294.3826976990    -2707.0251025     975.14358291    0.340D-04 0.110D-10
          Norm of current diis error: 0.24202E-02
          max. resid. norm for Fia-block=  1.367D-04 for orbital     44a    beta 
          max. resid. fock norm         =  1.368D-04 for orbital     44a    beta 
          Delta Eig. =         0.0003031287 eV 
 
                                              current damping :  0.100
 ITERATION  ENERGY          1e-ENERGY        2e-ENERGY     NORM[dD(SAO)]  TOL
  27  -1294.3827004859    -2707.0251425     975.14362014    0.126D-02 0.108D-10
          Norm of current diis error: 0.24395E-02
          max. resid. norm for Fia-block=  2.071D-04 for orbital     44a    beta 
          max. resid. fock norm         =  2.072D-04 for orbital     44a    beta 
          Delta Eig. =         0.0005114091 eV 
 
                                              current damping :  0.100
 ITERATION  ENERGY          1e-ENERGY        2e-ENERGY     NORM[dD(SAO)]  TOL
  28  -1294.3827048779    -2707.0252013     975.14367453    0.714D-02 0.119D-10
          Norm of current diis error: 0.24666E-02
          max. resid. norm for Fia-block=  2.529D-04 for orbital     44a    beta 
          max. resid. fock norm         =  2.530D-04 for orbital     44a    beta 
          Delta Eig. =         0.0005988467 eV 
 
                                              current damping :  0.100
 ITERATION  ENERGY          1e-ENERGY        2e-ENERGY     NORM[dD(SAO)]  TOL
  29  -1294.3827102872    -2707.0252582     975.14372606    0.427D-03 0.116D-10
          Norm of current diis error: 0.25010E-02
          max. resid. norm for Fia-block=  2.258D-04 for orbital     44a    beta 
          max. resid. fock norm         =  2.259D-04 for orbital     44a    beta 
          Delta Eig. =         0.0004948844 eV 
 
                                              current damping :  0.100
 ITERATION  ENERGY          1e-ENERGY        2e-ENERGY     NORM[dD(SAO)]  TOL
  30  -1294.3827151410    -2707.0252935     975.14375643    0.362D-04 0.113D-10
          Norm of current diis error: 0.25331E-02
          max. resid. norm for Fia-block=  1.745D-04 for orbital     44a    beta 
          max. resid. fock norm         =  1.746D-04 for orbital     44a    beta 
 mo-orthogonalization: Cholesky decomposition
          Delta Eig. =         0.0003661782 eV 
 
                                              current damping :  0.100
 ITERATION  ENERGY          1e-ENERGY        2e-ENERGY     NORM[dD(SAO)]  TOL
  31  -1294.3827189062    -2707.0253072     975.14376645    0.439D-03 0.110D-10
          Norm of current diis error: 0.25590E-02
          max. resid. norm for Fia-block=  1.927D-04 for orbital     44a    beta 
          max. resid. fock norm         =  1.927D-04 for orbital     44a    beta 
          Delta Eig. =         0.0004028451 eV 
 
                                              current damping :  0.100
 ITERATION  ENERGY          1e-ENERGY        2e-ENERGY     NORM[dD(SAO)]  TOL
  32  -1294.3827231198    -2707.0253126     975.14376757    0.264D-04 0.108D-10
          Norm of current diis error: 0.25878E-02
          max. resid. norm for Fia-block=  2.257D-04 for orbital     44a    beta 
          max. resid. fock norm         =  2.258D-04 for orbital     44a    beta 
          Delta Eig. =         0.0004724817 eV 
 density matrices became linear dependent...
 subr. ddmat can not establish optimal
 linear combination of delta densities !
 next fock matrix will be calculated from scratch !
 
                                              current damping :  0.150
 ITERATION  ENERGY          1e-ENERGY        2e-ENERGY     NORM[dD(SAO)]  TOL
  33  -1294.3827281346    -2707.0253106     975.14376057    0.264D-04 0.417D-10
          Norm of current diis error: 0.26214E-02
          max. resid. norm for Fia-block=  2.303D-04 for orbital     44a    beta 
          max. resid. fock norm         =  2.304D-04 for orbital     44a    beta 
          Delta Eig. =         0.0004603496 eV 
 
                                              current damping :  0.100
 ITERATION  ENERGY          1e-ENERGY        2e-ENERGY     NORM[dD(SAO)]  TOL
  34  -1294.3827330881    -2707.0252997     975.14374468    0.518D-02 0.264D-10
          Norm of current diis error: 0.26546E-02
          max. resid. norm for Fia-block=  2.203D-04 for orbital     44a    beta 
          max. resid. fock norm         =  2.203D-04 for orbital     44a    beta 
          Delta Eig. =         0.0004585045 eV 
 
                                              current damping :  0.100
 ITERATION  ENERGY          1e-ENERGY        2e-ENERGY     NORM[dD(SAO)]  TOL
  35  -1294.3827380895    -2707.0252787     975.14371871    0.890D-04 0.176D-10
          Norm of current diis error: 0.26882E-02
          max. resid. norm for Fia-block=  1.991D-04 for orbital     44a    beta 
          max. resid. fock norm         =  1.992D-04 for orbital     44a    beta 
 mo-orthogonalization: Cholesky decomposition
          Delta Eig. =         0.0004126091 eV 
 
                                              current damping :  0.100
 ITERATION  ENERGY          1e-ENERGY        2e-ENERGY     NORM[dD(SAO)]  TOL
  36  -1294.3827426551    -2707.0252506     975.14368609    0.852D-05 0.135D-10
          Norm of current diis error: 0.27190E-02
          max. resid. norm for Fia-block=  2.207D-04 for orbital     44a    beta 
          max. resid. fock norm         =  2.208D-04 for orbital     44a    beta 
          Delta Eig. =         0.0004569677 eV 
 
                                              current damping :  0.100
 ITERATION  ENERGY          1e-ENERGY        2e-ENERGY     NORM[dD(SAO)]  TOL
  37  -1294.3827477762    -2707.0252114     975.14364178    0.981D-05 0.107D-10
          Norm of current diis error: 0.27533E-02
          max. resid. norm for Fia-block=  2.299D-04 for orbital     44a    beta 
          max. resid. fock norm         =  2.300D-04 for orbital     44a    beta 
          Delta Eig. =         0.0004760686 eV 
 
                                              current damping :  0.100
 ITERATION  ENERGY          1e-ENERGY        2e-ENERGY     NORM[dD(SAO)]  TOL
  38  -1294.3827531796    -2707.0251630     975.14358795    0.432D-04 0.945D-11
          Norm of current diis error: 0.27891E-02
          max. resid. norm for Fia-block=  2.245D-04 for orbital     44a    beta 
          max. resid. fock norm         =  2.245D-04 for orbital     44a    beta 
          Delta Eig. =         0.0004645055 eV 
 
                                              current damping :  0.100
 ITERATION  ENERGY          1e-ENERGY        2e-ENERGY     NORM[dD(SAO)]  TOL
  39  -1294.3827585250    -2707.0251083     975.14352792    0.193D-03 0.926D-11
          Norm of current diis error: 0.28241E-02
          max. resid. norm for Fia-block=  2.246D-04 for orbital     44a    beta 
          max. resid. fock norm         =  2.247D-04 for orbital     44a    beta 
          Delta Eig. =         0.0004641300 eV 
 
                                              current damping :  0.100
 ITERATION  ENERGY          1e-ENERGY        2e-ENERGY     NORM[dD(SAO)]  TOL
  40  -1294.3827639414    -2707.0250462     975.14346041    0.367D-05 0.910D-11
          Norm of current diis error: 0.28593E-02
          max. resid. norm for Fia-block=  2.238D-04 for orbital     44a    beta 
          max. resid. fock norm         =  2.239D-04 for orbital     44a    beta 
 mo-orthogonalization: Cholesky decomposition
          Delta Eig. =         0.0004619617 eV 
 
                                              current damping :  0.100
 ITERATION  ENERGY          1e-ENERGY        2e-ENERGY     NORM[dD(SAO)]  TOL
  41  -1294.3827693911    -2707.0249773     975.14338600    0.508D-04 0.890D-11
          Norm of current diis error: 0.28944E-02
          max. resid. norm for Fia-block=  2.370D-04 for orbital     44a    beta 
          max. resid. fock norm         =  2.371D-04 for orbital     44a    beta 
          Delta Eig. =         0.0004896731 eV 
 
                                              current damping :  0.100
 ITERATION  ENERGY          1e-ENERGY        2e-ENERGY     NORM[dD(SAO)]  TOL
  42  -1294.3827752429    -2707.0248973     975.14330017    0.488D-03 0.874D-11
          Norm of current diis error: 0.29317E-02
          max. resid. norm for Fia-block=  2.378D-04 for orbital     44a    beta 
          max. resid. fock norm         =  2.378D-04 for orbital     44a    beta 
          Delta Eig. =         0.0004913608 eV 
 
                                              current damping :  0.100
 ITERATION  ENERGY          1e-ENERGY        2e-ENERGY     NORM[dD(SAO)]  TOL
  43  -1294.3827811938    -2707.0248106     975.14320749    0.111D-02 0.858D-11
          Norm of current diis error: 0.29690E-02
          max. resid. norm for Fia-block=  2.367D-04 for orbital     44a    beta 
          max. resid. fock norm         =  2.368D-04 for orbital     44a    beta 
          Delta Eig. =         0.0004892093 eV 
 density matrices became linear dependent...
 subr. ddmat can not establish optimal
 linear combination of delta densities !
 next fock matrix will be calculated from scratch !
 
                                              current damping :  0.100
 ITERATION  ENERGY          1e-ENERGY        2e-ENERGY     NORM[dD(SAO)]  TOL
  44  -1294.3827871874    -2707.0247179     975.14310883    0.111D-02 0.417D-10
          Norm of current diis error: 0.30061E-02
          max. resid. norm for Fia-block=  2.403D-04 for orbital     44a    beta 
          max. resid. fock norm         =  2.404D-04 for orbital     44a    beta 
          Delta Eig. =         0.0004969802 eV 
 
                                              current damping :  0.100
 ITERATION  ENERGY          1e-ENERGY        2e-ENERGY     NORM[dD(SAO)]  TOL
  45  -1294.3827933412    -2707.0246175     975.14300226    0.561D-02 0.264D-10
          Norm of current diis error: 0.30437E-02
          max. resid. norm for Fia-block=  2.445D-04 for orbital     44a    beta 
          max. resid. fock norm         =  2.446D-04 for orbital     44a    beta 
 mo-orthogonalization: Cholesky decomposition
          Delta Eig. =         0.0005061643 eV 
 
                                              current damping :  0.100
 ITERATION  ENERGY          1e-ENERGY        2e-ENERGY     NORM[dD(SAO)]  TOL
  46  -1294.3827996733    -2707.0245091     975.14288751    0.416D-04 0.175D-10
          Norm of current diis error: 0.30819E-02
          max. resid. norm for Fia-block=  2.512D-04 for orbital     44a    beta 
          max. resid. fock norm         =  2.513D-04 for orbital     44a    beta 
          Delta Eig. =         0.0005204609 eV 
 
                                              current damping :  0.100
 ITERATION  ENERGY          1e-ENERGY        2e-ENERGY     NORM[dD(SAO)]  TOL
  47  -1294.3828062543    -2707.0243916     975.14276343    0.300D-05 0.131D-10
          Norm of current diis error: 0.31209E-02
          max. resid. norm for Fia-block=  2.517D-04 for orbital     44a    beta 
          max. resid. fock norm         =  2.517D-04 for orbital     44a    beta 
          Delta Eig. =         0.0005219905 eV 
 
                                              current damping :  0.100
 ITERATION  ENERGY          1e-ENERGY        2e-ENERGY     NORM[dD(SAO)]  TOL
  48  -1294.3828129220    -2707.0242679     975.14263308    0.647D-06 0.106D-10
          Norm of current diis error: 0.31600E-02
          max. resid. norm for Fia-block=  2.544D-04 for orbital     44a    beta 
          max. resid. fock norm         =  2.545D-04 for orbital     44a    beta 
          Delta Eig. =         0.0005284169 eV 
 
                                              current damping :  0.100
 ITERATION  ENERGY          1e-ENERGY        2e-ENERGY     NORM[dD(SAO)]  TOL
  49  -1294.3828197372    -2707.0241370     975.14249532    0.388D-06 0.890D-11
          Norm of current diis error: 0.31992E-02
          max. resid. norm for Fia-block=  2.592D-04 for orbital     44a    beta 
          max. resid. fock norm         =  2.593D-04 for orbital     44a    beta 
          Delta Eig. =         0.0005391254 eV 
 
                                              current damping :  0.100
 ITERATION  ENERGY          1e-ENERGY        2e-ENERGY     NORM[dD(SAO)]  TOL
  50  -1294.3828267568    -2707.0239976     975.14234898    0.226D-06 0.769D-11
          Norm of current diis error: 0.32390E-02
          max. resid. norm for Fia-block=  2.637D-04 for orbital     44a    beta 
          max. resid. fock norm         =  2.637D-04 for orbital     44a    beta 
 mo-orthogonalization: Cholesky decomposition
          Delta Eig. =         0.0005492779 eV 
 
                                              current damping :  0.100
 ITERATION  ENERGY          1e-ENERGY        2e-ENERGY     NORM[dD(SAO)]  TOL
  51  -1294.3828340184    -2707.0238500     975.14219407    0.741D-04 0.748D-11
          Norm of current diis error: 0.32793E-02
          max. resid. norm for Fia-block=  2.679D-04 for orbital     44a    beta 
          max. resid. fock norm         =  2.680D-04 for orbital     44a    beta 
          Delta Eig. =         0.0005584574 eV 
 
                                              current damping :  0.100
 ITERATION  ENERGY          1e-ENERGY        2e-ENERGY     NORM[dD(SAO)]  TOL
  52  -1294.3828414925    -2707.0236943     975.14203090    0.159D-03 0.736D-11
          Norm of current diis error: 0.33199E-02
          max. resid. norm for Fia-block=  2.704D-04 for orbital     44a    beta 
          max. resid. fock norm         =  2.705D-04 for orbital     44a    beta 
          Delta Eig. =         0.0005647513 eV 
 
                                              current damping :  0.100
 ITERATION  ENERGY          1e-ENERGY        2e-ENERGY     NORM[dD(SAO)]  TOL
  53  -1294.3828491274    -2707.0235313     975.14186030    0.520D-06 0.724D-11
          Norm of current diis error: 0.33606E-02
          max. resid. norm for Fia-block=  2.749D-04 for orbital     44a    beta 
          max. resid. fock norm         =  2.750D-04 for orbital     44a    beta 
          Delta Eig. =         0.0005752335 eV 
 
                                              current damping :  0.100
 ITERATION  ENERGY          1e-ENERGY        2e-ENERGY     NORM[dD(SAO)]  TOL
  54  -1294.3828570019    -2707.0233598     975.14168089    0.118D-06 0.714D-11
          Norm of current diis error: 0.34017E-02
          max. resid. norm for Fia-block=  2.798D-04 for orbital     44a    beta 
          max. resid. fock norm         =  2.798D-04 for orbital     44a    beta 
          Delta Eig. =         0.0005862435 eV 
 
                                              current damping :  0.100
 ITERATION  ENERGY          1e-ENERGY        2e-ENERGY     NORM[dD(SAO)]  TOL
  55  -1294.3828651231    -2707.0231794     975.14149243    0.224D-05 0.701D-11
          Norm of current diis error: 0.34432E-02
          max. resid. norm for Fia-block=  2.841D-04 for orbital     44a    beta 
          max. resid. fock norm         =  2.842D-04 for orbital     44a    beta 
 mo-orthogonalization: Cholesky decomposition
          Delta Eig. =         0.0005965692 eV 
 
                                              current damping :  0.100
 ITERATION  ENERGY          1e-ENERGY        2e-ENERGY     NORM[dD(SAO)]  TOL
  56  -1294.3828734668    -2707.0229904     975.14129502    0.214D-05 0.692D-11
          Norm of current diis error: 0.34850E-02
          max. resid. norm for Fia-block=  2.883D-04 for orbital     44a    beta 
          max. resid. fock norm         =  2.884D-04 for orbital     44a    beta 
          Delta Eig. =         0.0006062826 eV 
 
                                              current damping :  0.100
 ITERATION  ENERGY          1e-ENERGY        2e-ENERGY     NORM[dD(SAO)]  TOL
  57  -1294.3828820099    -2707.0227926     975.14108871    0.303D-05 0.681D-11
          Norm of current diis error: 0.35269E-02
          max. resid. norm for Fia-block=  2.925D-04 for orbital     44a    beta 
          max. resid. fock norm         =  2.926D-04 for orbital     44a    beta 
          Delta Eig. =         0.0006176302 eV 
 
                                              current damping :  0.100
 ITERATION  ENERGY          1e-ENERGY        2e-ENERGY     NORM[dD(SAO)]  TOL
  58  -1294.3828908067    -2707.0225860     975.14087329    0.757D-05 0.670D-11
          Norm of current diis error: 0.35691E-02
          max. resid. norm for Fia-block=  2.976D-04 for orbital     44a    beta 
          max. resid. fock norm         =  2.977D-04 for orbital     44a    beta 
          Delta Eig. =         0.0006401506 eV 
 
                                              current damping :  0.100
 ITERATION  ENERGY          1e-ENERGY        2e-ENERGY     NORM[dD(SAO)]  TOL
  59  -1294.3828998258    -2707.0223696     975.14064785    0.862D-04 0.660D-11
          Norm of current diis error: 0.36115E-02
          max. resid. norm for Fia-block=  3.026D-04 for orbital     44a    beta 
          max. resid. fock norm         =  3.027D-04 for orbital     44a    beta 
          Delta Eig. =         0.0006627410 eV 
 
                                              current damping :  0.100
 ITERATION  ENERGY          1e-ENERGY        2e-ENERGY     NORM[dD(SAO)]  TOL
  60  -1294.3829091574    -2707.0221434     975.14041235    0.339D-03 0.651D-11
          Norm of current diis error: 0.36541E-02
          max. resid. norm for Fia-block=  3.074D-04 for orbital     44a    beta 
          max. resid. fock norm         =  3.075D-04 for orbital     44a    beta 
 mo-orthogonalization: Cholesky decomposition
          Delta Eig. =         0.0006854849 eV 
 density matrices became linear dependent...
 subr. ddmat can not establish optimal
 linear combination of delta densities !
 next fock matrix will be calculated from scratch !
 
                                              current damping :  0.100
 ITERATION  ENERGY          1e-ENERGY        2e-ENERGY     NORM[dD(SAO)]  TOL
  61  -1294.3829187749    -2707.0219075     975.14016683    0.339D-03 0.417D-10
          Norm of current diis error: 0.36969E-02
          max. resid. norm for Fia-block=  3.123D-04 for orbital     44a    beta 
          max. resid. fock norm         =  3.124D-04 for orbital     44a    beta 
          Delta Eig. =         0.0007089765 eV 
 
                                              current damping :  0.100
 ITERATION  ENERGY          1e-ENERGY        2e-ENERGY     NORM[dD(SAO)]  TOL
  62  -1294.3829286078    -2707.0216616     975.13991113    0.729D-02 0.264D-10
          Norm of current diis error: 0.37397E-02
          max. resid. norm for Fia-block=  3.175D-04 for orbital     44a    beta 
          max. resid. fock norm         =  3.176D-04 for orbital     44a    beta 
          Delta Eig. =         0.0007336075 eV 
 
                                              current damping :  0.100
 ITERATION  ENERGY          1e-ENERGY        2e-ENERGY     NORM[dD(SAO)]  TOL
  63  -1294.3829387218    -2707.0214051     975.13964450    0.445D-04 0.175D-10
          Norm of current diis error: 0.37827E-02
          max. resid. norm for Fia-block=  3.231D-04 for orbital     44a    beta 
          max. resid. fock norm         =  3.232D-04 for orbital     44a    beta 
          Delta Eig. =         0.0007597667 eV 
 
                                              current damping :  0.100
 ITERATION  ENERGY          1e-ENERGY        2e-ENERGY     NORM[dD(SAO)]  TOL
  64  -1294.3829491352    -2707.0211376     975.13936655    0.137D-05 0.130D-10
          Norm of current diis error: 0.38258E-02
          max. resid. norm for Fia-block=  3.286D-04 for orbital     44a    beta 
          max. resid. fock norm         =  3.287D-04 for orbital     44a    beta 
          Delta Eig. =         0.0007862476 eV 
 
                                              current damping :  0.100
 ITERATION  ENERGY          1e-ENERGY        2e-ENERGY     NORM[dD(SAO)]  TOL
  65  -1294.3829598497    -2707.0208589     975.13907713    0.884D-06 0.104D-10
          Norm of current diis error: 0.38690E-02
          max. resid. norm for Fia-block=  3.342D-04 for orbital     44a    beta 
          max. resid. fock norm         =  3.343D-04 for orbital     44a    beta 
 mo-orthogonalization: Cholesky decomposition
          Delta Eig. =         0.0008135782 eV 
 
                                              current damping :  0.100
 ITERATION  ENERGY          1e-ENERGY        2e-ENERGY     NORM[dD(SAO)]  TOL
  66  -1294.3829708707    -2707.0205686     975.13877586    0.671D-06 0.869D-11
          Norm of current diis error: 0.39121E-02
          max. resid. norm for Fia-block=  3.400D-04 for orbital     44a    beta 
          max. resid. fock norm         =  3.401D-04 for orbital     44a    beta 
          Delta Eig. =         0.0008421381 eV 
 
                                              current damping :  0.100
 ITERATION  ENERGY          1e-ENERGY        2e-ENERGY     NORM[dD(SAO)]  TOL
  67  -1294.3829822104    -2707.0202663     975.13846216    0.666D-06 0.745D-11
          Norm of current diis error: 0.39552E-02
          max. resid. norm for Fia-block=  3.461D-04 for orbital     44a    beta 
          max. resid. fock norm         =  3.462D-04 for orbital     44a    beta 
          Delta Eig. =         0.0008720459 eV 
 
                                              current damping :  0.100
 ITERATION  ENERGY          1e-ENERGY        2e-ENERGY     NORM[dD(SAO)]  TOL
  68  -1294.3829938829    -2707.0199514     975.13813558    0.146D-06 0.655D-11
          Norm of current diis error: 0.39983E-02
          max. resid. norm for Fia-block=  3.524D-04 for orbital     44a    beta 
          max. resid. fock norm         =  3.525D-04 for orbital     44a    beta 
          Delta Eig. =         0.0009032012 eV 
 
                                              current damping :  0.100
 ITERATION  ENERGY          1e-ENERGY        2e-ENERGY     NORM[dD(SAO)]  TOL
  69  -1294.3830059014    -2707.0196234     975.13779563    0.868D-07 0.587D-11
          Norm of current diis error: 0.40413E-02
          max. resid. norm for Fia-block=  3.587D-04 for orbital     44a    beta 
          max. resid. fock norm         =  3.589D-04 for orbital     44a    beta 
          Delta Eig. =         0.0009353442 eV 
 
                                              current damping :  0.100
 ITERATION  ENERGY          1e-ENERGY        2e-ENERGY     NORM[dD(SAO)]  TOL
  70  -1294.3830182761    -2707.0192821     975.13744189    0.332D-04 0.569D-11
          Norm of current diis error: 0.40841E-02
          max. resid. norm for Fia-block=  3.654D-04 for orbital     44a    beta 
          max. resid. fock norm         =  3.655D-04 for orbital     44a    beta 
 mo-orthogonalization: Cholesky decomposition
          Delta Eig. =         0.0009688848 eV 
 
                                              current damping :  0.100
 ITERATION  ENERGY          1e-ENERGY        2e-ENERGY     NORM[dD(SAO)]  TOL
  71  -1294.3830310095    -2707.0189266     975.13707366    0.126D-05 0.573D-11
          Norm of current diis error: 0.41267E-02
          max. resid. norm for Fia-block=  3.723D-04 for orbital     44a    beta 
          max. resid. fock norm         =  3.724D-04 for orbital     44a    beta 
          Delta Eig. =         0.0010040199 eV 
 
                                              current damping :  0.100
 ITERATION  ENERGY          1e-ENERGY        2e-ENERGY     NORM[dD(SAO)]  TOL
  72  -1294.3830441312    -2707.0185561     975.13669008    0.191D-03 0.557D-11
          Norm of current diis error: 0.41691E-02
          max. resid. norm for Fia-block=  3.795D-04 for orbital     44a    beta 
          max. resid. fock norm         =  3.796D-04 for orbital     44a    beta 
          Delta Eig. =         0.0010408337 eV 
 
                                              current damping :  0.100
 ITERATION  ENERGY          1e-ENERGY        2e-ENERGY     NORM[dD(SAO)]  TOL
  73  -1294.3830576121    -2707.0181705     975.13629100    0.428D-04 0.554D-11
          Norm of current diis error: 0.42112E-02
          max. resid. norm for Fia-block=  3.869D-04 for orbital     44a    beta 
          max. resid. fock norm         =  3.871D-04 for orbital     44a    beta 
          Delta Eig. =         0.0010793053 eV 
 
                                              current damping :  0.100
 ITERATION  ENERGY          1e-ENERGY        2e-ENERGY     NORM[dD(SAO)]  TOL
  74  -1294.3830714413    -2707.0177691     975.13587576    0.308D-05 0.552D-11
          Norm of current diis error: 0.42529E-02
          max. resid. norm for Fia-block=  3.947D-04 for orbital     44a    beta 
          max. resid. fock norm         =  3.948D-04 for orbital     44a    beta 
          Delta Eig. =         0.0011195329 eV 
 
                                              current damping :  0.100
 ITERATION  ENERGY          1e-ENERGY        2e-ENERGY     NORM[dD(SAO)]  TOL
  75  -1294.3830857923    -2707.0173514     975.13544374    0.548D-05 0.548D-11
          Norm of current diis error: 0.42943E-02
          max. resid. norm for Fia-block=  4.027D-04 for orbital     44a    beta 
          max. resid. fock norm         =  4.029D-04 for orbital     44a    beta 
 mo-orthogonalization: Cholesky decomposition
          Delta Eig. =         0.0011617036 eV 
 
                                              current damping :  0.100
 ITERATION  ENERGY          1e-ENERGY        2e-ENERGY     NORM[dD(SAO)]  TOL
  76  -1294.3831006906    -2707.0169163     975.13499367    0.120D-05 0.546D-11
          Norm of current diis error: 0.43351E-02
          max. resid. norm for Fia-block=  4.111D-04 for orbital     44a    beta 
          max. resid. fock norm         =  4.113D-04 for orbital     44a    beta 
          Delta Eig. =         0.0012061753 eV 
 
                                              current damping :  0.100
 ITERATION  ENERGY          1e-ENERGY        2e-ENERGY     NORM[dD(SAO)]  TOL
  77  -1294.3831160418    -2707.0164622     975.13452426    0.391D-06 0.542D-11
          Norm of current diis error: 0.43754E-02
          max. resid. norm for Fia-block=  4.200D-04 for orbital     44a    beta 
          max. resid. fock norm         =  4.202D-04 for orbital     44a    beta 
          Delta Eig. =         0.0012531842 eV 
 
                                              current damping :  0.100
 ITERATION  ENERGY          1e-ENERGY        2e-ENERGY     NORM[dD(SAO)]  TOL
  78  -1294.3831318889    -2707.0159889     975.13403512    0.430D-06 0.540D-11
          Norm of current diis error: 0.44150E-02
          max. resid. norm for Fia-block=  4.294D-04 for orbital     44a    beta 
          max. resid. fock norm         =  4.296D-04 for orbital     44a    beta 
          Delta Eig. =         0.0013027534 eV 
 
                                              current damping :  0.100
 ITERATION  ENERGY          1e-ENERGY        2e-ENERGY     NORM[dD(SAO)]  TOL
  79  -1294.3831481884    -2707.0154952     975.13352516    0.213D-05 0.536D-11
          Norm of current diis error: 0.44539E-02
          max. resid. norm for Fia-block=  4.392D-04 for orbital     44a    beta 
          max. resid. fock norm         =  4.394D-04 for orbital     44a    beta 
          Delta Eig. =         0.0013552255 eV 
 
                                              current damping :  0.100
 ITERATION  ENERGY          1e-ENERGY        2e-ENERGY     NORM[dD(SAO)]  TOL
  80  -1294.3831651065    -2707.0149795     975.13299247    0.527D-06 0.534D-11
          Norm of current diis error: 0.44920E-02
          max. resid. norm for Fia-block=  4.496D-04 for orbital     44a    beta 
          max. resid. fock norm         =  4.499D-04 for orbital     44a    beta 
 mo-orthogonalization: Cholesky decomposition
          Delta Eig. =         0.0014110372 eV 
 
                                              current damping :  0.100
 ITERATION  ENERGY          1e-ENERGY        2e-ENERGY     NORM[dD(SAO)]  TOL
  81  -1294.3831826451    -2707.0144401     975.13243553    0.176D-05 0.530D-11
          Norm of current diis error: 0.45292E-02
          max. resid. norm for Fia-block=  4.607D-04 for orbital     44a    beta 
          max. resid. fock norm         =  4.609D-04 for orbital     44a    beta 
          Delta Eig. =         0.0014705245 eV 
 
                                              current damping :  0.100
 ITERATION  ENERGY          1e-ENERGY        2e-ENERGY     NORM[dD(SAO)]  TOL
  82  -1294.3832001946    -2707.0138749     975.13185285    0.176D-05 0.417D-10
          Norm of current diis error: 0.45653E-02
          max. resid. norm for Fia-block=  4.726D-04 for orbital     44a    beta 
          max. resid. fock norm         =  4.728D-04 for orbital     44a    beta 
          Delta Eig. =         0.0015347534 eV 
 
                                              current damping :  0.100
 ITERATION  ENERGY          1e-ENERGY        2e-ENERGY     NORM[dD(SAO)]  TOL
  83  -1294.3832187687    -2707.0132884     975.13124776    0.111D-01 0.264D-10
          Norm of current diis error: 0.46003E-02
          max. resid. norm for Fia-block=  4.854D-04 for orbital     44a    beta 
          max. resid. fock norm         =  4.857D-04 for orbital     44a    beta 
          Delta Eig. =         0.0016031483 eV 
 
                                              current damping :  0.100
 ITERATION  ENERGY          1e-ENERGY        2e-ENERGY     NORM[dD(SAO)]  TOL
  84  -1294.3832380111    -2707.0126711     975.13061124    0.918D-04 0.174D-10
          Norm of current diis error: 0.46340E-02
          max. resid. norm for Fia-block=  4.993D-04 for orbital     44a    beta 
          max. resid. fock norm         =  4.995D-04 for orbital     44a    beta 
          Delta Eig. =         0.0016778964 eV 
 
                                              current damping :  0.100
 ITERATION  ENERGY          1e-ENERGY        2e-ENERGY     NORM[dD(SAO)]  TOL
  85  -1294.3832579636    -2707.0120236     975.12994372    0.563D-05 0.130D-10
          Norm of current diis error: 0.46662E-02
          max. resid. norm for Fia-block=  5.144D-04 for orbital     44a    beta 
          max. resid. fock norm         =  5.147D-04 for orbital     44a    beta 
 mo-orthogonalization: Cholesky decomposition
          Delta Eig. =         0.0017591006 eV 
 
                                              current damping :  0.100
 ITERATION  ENERGY          1e-ENERGY        2e-ENERGY     NORM[dD(SAO)]  TOL
  86  -1294.3832786813    -2707.0113432     975.12924260    0.148D-05 0.103D-10
          Norm of current diis error: 0.46968E-02
          max. resid. norm for Fia-block=  5.310D-04 for orbital     44a    beta 
          max. resid. fock norm         =  5.313D-04 for orbital     44a    beta 
          Delta Eig. =         0.0018482152 eV 
 
                                              current damping :  0.100
 ITERATION  ENERGY          1e-ENERGY        2e-ENERGY     NORM[dD(SAO)]  TOL
  87  -1294.3833002302    -2707.0106273     975.12850513    0.123D-05 0.860D-11
          Norm of current diis error: 0.47255E-02
          max. resid. norm for Fia-block=  5.495D-04 for orbital     44a    beta 
          max. resid. fock norm         =  5.498D-04 for orbital     44a    beta 
          Delta Eig. =         0.0019469641 eV 
 
                                              current damping :  0.100
 ITERATION  ENERGY          1e-ENERGY        2e-ENERGY     NORM[dD(SAO)]  TOL
  88  -1294.3833226978    -2707.0098703     975.12772571    0.225D-05 0.737D-11
          Norm of current diis error: 0.47521E-02
          max. resid. norm for Fia-block=  5.704D-04 for orbital     44a    beta 
          max. resid. fock norm         =  5.707D-04 for orbital     44a    beta 
          Delta Eig. =         0.0020581676 eV 
 
                                              current damping :  0.100
 ITERATION  ENERGY          1e-ENERGY        2e-ENERGY     NORM[dD(SAO)]  TOL
  89  -1294.3833461844    -2707.0090683     975.12690024    0.395D-06 0.646D-11
          Norm of current diis error: 0.47763E-02
          max. resid. norm for Fia-block=  5.943D-04 for orbital     44a    beta 
          max. resid. fock norm         =  5.946D-04 for orbital     44a    beta 
          Delta Eig. =         0.0021844586 eV 
 
                                              current damping :  0.100
 ITERATION  ENERGY          1e-ENERGY        2e-ENERGY     NORM[dD(SAO)]  TOL
  90  -1294.3833708200    -2707.0082151     975.12602241    0.293D-06 0.576D-11
          Norm of current diis error: 0.47978E-02
          max. resid. norm for Fia-block=  6.221D-04 for orbital     44a    beta 
          max. resid. fock norm         =  6.225D-04 for orbital     44a    beta 
 mo-orthogonalization: Cholesky decomposition
          Delta Eig. =         0.0023305560 eV 
 
                                              current damping :  0.100
 ITERATION  ENERGY          1e-ENERGY        2e-ENERGY     NORM[dD(SAO)]  TOL
  91  -1294.3833967705    -2707.0073028     975.12508418    0.107D-04 0.526D-11
          Norm of current diis error: 0.48161E-02
          max. resid. norm for Fia-block=  6.552D-04 for orbital     44a    beta 
          max. resid. fock norm         =  6.557D-04 for orbital     44a    beta 
          Delta Eig. =         0.0025031742 eV 
 
                                              current damping :  0.100
 ITERATION  ENERGY          1e-ENERGY        2e-ENERGY     NORM[dD(SAO)]  TOL
  92  -1294.3834241722    -2707.0063210     975.12407490    0.163D-04 0.525D-11
          Norm of current diis error: 0.48307E-02
          max. resid. norm for Fia-block=  6.957D-04 for orbital     44a    beta 
          max. resid. fock norm         =  6.962D-04 for orbital     44a    beta 
          Delta Eig. =         0.0027121447 eV 
 
                                              current damping :  0.100
 ITERATION  ENERGY          1e-ENERGY        2e-ENERGY     NORM[dD(SAO)]  TOL
  93  -1294.3834536494    -2707.0052564     975.12298083    0.539D-03 0.526D-11
          Norm of current diis error: 0.48407E-02
          max. resid. norm for Fia-block=  7.470D-04 for orbital     44a    beta 
          max. resid. fock norm         =  7.476D-04 for orbital     44a    beta 
          Delta Eig. =         0.0029752373 eV 
 
                                              current damping :  0.100
 ITERATION  ENERGY          1e-ENERGY        2e-ENERGY     NORM[dD(SAO)]  TOL
  94  -1294.3834853283    -2707.0040899     975.12178267    0.957D-03 0.526D-11
          Norm of current diis error: 0.48452E-02
          max. resid. norm for Fia-block=  8.150D-04 for orbital     44a    beta 
          max. resid. fock norm         =  8.156D-04 for orbital     44a    beta 
          Delta Eig. =         0.0033200551 eV 
 
                                              current damping :  0.100
 ITERATION  ENERGY          1e-ENERGY        2e-ENERGY     NORM[dD(SAO)]  TOL
  95  -1294.3835200133    -2707.0027825     975.12044064    0.490D-05 0.526D-11
          Norm of current diis error: 0.48425E-02
          max. resid. norm for Fia-block=  9.103D-04 for orbital     44a    beta 
          max. resid. fock norm         =  9.110D-04 for orbital     44a    beta 
 mo-orthogonalization: Cholesky decomposition
          Delta Eig. =         0.0038026456 eV 
 
                                              current damping :  0.100
 ITERATION  ENERGY          1e-ENERGY        2e-ENERGY     NORM[dD(SAO)]  TOL
  96  -1294.3835588708    -2707.0012835     975.11890270    0.248D-05 0.526D-11
          Norm of current diis error: 0.48299E-02
          max. resid. norm for Fia-block=  1.055D-03 for orbital     44a    beta 
          max. resid. fock norm         =  1.055D-03 for orbital     44a    beta 
          Delta Eig. =         0.0045331714 eV 
 
                                              current damping :  0.100
 ITERATION  ENERGY          1e-ENERGY        2e-ENERGY     NORM[dD(SAO)]  TOL
  97  -1294.3836035821    -2706.9994931     975.11706763    0.142D-05 0.526D-11
          Norm of current diis error: 0.48022E-02
          max. resid. norm for Fia-block=  1.297D-03 for orbital     44a    beta 
          max. resid. fock norm         =  1.298D-03 for orbital     44a    beta 
          Delta Eig. =         0.0057722517 eV 
 
                                              current damping :  0.100
 ITERATION  ENERGY          1e-ENERGY        2e-ENERGY     NORM[dD(SAO)]  TOL
  98  -1294.3836585478    -2706.9972050     975.11472455    0.996D-04 0.526D-11
          Norm of current diis error: 0.47487E-02
          max. resid. norm for Fia-block=  1.767D-03 for orbital     44a    beta 
          max. resid. fock norm         =  1.769D-03 for orbital     44a    beta 
          Delta Eig. =         0.0082466564 eV 
 
                                              current damping :  0.100
 ITERATION  ENERGY          1e-ENERGY        2e-ENERGY     NORM[dD(SAO)]  TOL
  99  -1294.3837323224    -2706.9939440     975.11138982    0.268D-03 0.526D-11
          Norm of current diis error: 0.46401E-02
          max. resid. norm for Fia-block=  2.866D-03 for orbital     44a    beta 
          max. resid. fock norm         =  2.869D-03 for orbital     44a    beta 
          Delta Eig. =         0.0144199977 eV 
 
                                              current damping :  0.100
 ITERATION  ENERGY          1e-ENERGY        2e-ENERGY     NORM[dD(SAO)]  TOL
 100  -1294.3838478997    -2706.9882178     975.10554797    0.531D-03 0.526D-11
          Norm of current diis error: 0.43756E-02
          max. resid. norm for Fia-block=  5.799D-03 for orbital     44a    beta 
          max. resid. fock norm         =  5.806D-03 for orbital     44a    beta 
 mo-orthogonalization: Cholesky decomposition

 convergence criteria cannot be satisfied within   100 iterations !


                  ------------------------------------------ 
                 |  total energy      =  -1294.38384789968  |
                  ------------------------------------------ 
                 :  kinetic energy    =   1293.36469479061  :
                 :  potential energy  =  -2587.74854269029  :
                 :  virial theorem    =      1.99921263456  :
                 :  wavefunction norm =      1.00000000000  :
                  .......................................... 


 ATTENTION : $energy will not be updated since 
 this calculation did not converge (sob) 

 A POSSIBLE REASON MAY BE THAT ...
 - THE GEOMETRY IS FAR FROM BEING REASONABLE
 - THIS IS AN OPEN SHELL CALCULATION (GOSH)

 
 alpha: 

    irrep                 41a         42a         43a         44a         45a   
 eigenvalues H         -0.15971    -0.08850    -0.06359    -0.04426    -0.03716
            eV          -4.3459     -2.4082     -1.7304     -1.2044     -1.0111
 occupation              1.0000      1.0000      1.0000      1.0000      1.0000

    irrep                 46a         47a         48a         49a         50a   
 eigenvalues H          0.10065     0.10359     0.10677     0.12237     0.13429
            eV           2.7389      2.8188      2.9054      3.3299      3.6543
 
 beta:  

    irrep                 40a         41a         42a         43a         44a   
 eigenvalues H         -1.39978    -0.15021    -0.07582    -0.05571    -0.04836
            eV         -38.0902     -4.0876     -2.0630     -1.5160     -1.3161
 occupation              1.0000      1.0000      1.0000      1.0000      1.0000

    irrep                 45a         46a         47a         48a         49a   
 eigenvalues H          0.10499     0.10622     0.11103     0.11227     0.12762
            eV           2.8571      2.8904      3.0213      3.0551      3.4727
 

                                             _ _ _ 
  IRREP     alpha occ.     beta occ.      tr(D*D-D)


 a         45.00000000    44.00000000    -0.57523783

   -------------------------------------------------

   sum     45.00000000    44.00000000    -0.57523783

 <S*S>     1.40047566

 
 
 
 ==============================================================================
                           electrostatic moments
 ==============================================================================

 reference point for electrostatic moments:    0.00000   0.00000   0.00000

 
              nuc           elec       ->  total
 ------------------------------------------------------------------------------
                          charge      
 ------------------------------------------------------------------------------
          88.000000     -89.000000      -1.000000
 a-b                                     1.000000
 
 ------------------------------------------------------------------------------
                       dipole moment  
 ------------------------------------------------------------------------------
   x     556.163148    -562.452507      -6.289358
   y     598.007581    -604.737823      -6.730242
   z     166.875524    -168.802275      -1.926751
 
   | dipole moment | =     9.4109 a.u. =    23.9201 debye 
 
 ------------------------------------------------------------------------------
                     quadrupole moment
 ------------------------------------------------------------------------------
  xx    4332.103772   -4462.443957    -130.340184
  yy    5341.738327   -5492.440296    -150.701968
  zz     964.821984   -1060.809664     -95.987680
  xy    3585.559903   -3617.156278     -31.596375
  xz     876.735913    -887.628479     -10.892566
  yz    1374.025879   -1392.188360     -18.162481
 
     1/3  trace=    -125.676611
     anisotropy=      81.453906
 
 ==============================================================================
 
HOMO-LUMO Separation
 HOMO         :   -0.03715527 H =     -1.01105 eV
 LUMO         :    0.10065259 H =     +2.73890 eV
 HOMO-LUMO gap:    0.13780786 H =     +3.74994 eV
 
 ==============================================================================

 ATTENTION: dscf did not converge! 



    ------------------------------------------------------------------------
         total  cpu-time :  22.24 seconds
         total wall-time :  22.31 seconds
    ------------------------------------------------------------------------

   ****  dscf : all done  ****


    2025-09-05 11:26:16.907 

