
 define (tuxedo-pulse-14-gen1) : TURBOMOLE rev. V7-9 compiled 21 Nov 2024 at 16:25:24
 Copyright (C) 2024 TURBOMOLE GmbH, Karlsruhe


    2025-09-05 11:25:54.488 

                    HOST NAME = tuxedo-pulse-14-gen1
             OPERATING SYSTEM = unix
   STANDARD BASIS SET LIBRARY = /home/sila/turbomole/TURBOMOLE_COMPUTE/basen/
  ALTERNATE BASIS SET LIBRARY = /home/sila/turbomole/TURBOMOLE_COMPUTE/basold/
 LIBRARY FOR RI-J  BASIS SETS = /home/sila/turbomole/TURBOMOLE_COMPUTE/jbasen/
 LIBRARY FOR RI-JK BASIS SETS = /home/sila/turbomole/TURBOMOLE_COMPUTE/jkbasen/
 LIBRARY FOR RIMP2/RICC2 SETS = /home/sila/turbomole/TURBOMOLE_COMPUTE/cbasen/
 LIBRARY FOR RIR12 BASIS SETS = /home/sila/turbomole/TURBOMOLE_COMPUTE/cabasen/
 LIBRARY FOR OEP   BASIS SETS = /home/sila/turbomole/TURBOMOLE_COMPUTE/xbasen/
            STRUCTURE LIBRARY = /home/sila/turbomole/TURBOMOLE_COMPUTE/structures/
 

 ***********************************************************
 *                                                         *
 *                       D E F I N E                       *
 *                                                         *
 *         TURBOMOLE'S  INTERACTIVE  INPUT  PROGRAM        *
 *                                                         *
 *  Quantum Chemistry Group       University of Karlsruhe  *
 *                                                         *
 ***********************************************************


 DATA WILL BE WRITTEN TO THE NEW FILE control

 IF YOU WANT TO READ DEFAULT-DATA FROM ANOTHER control-TYPE FILE,
 THEN ENTER ITS LOCATION/NAME OR OTHERWISE HIT >return<.

 
 INPUT TITLE OR 
 ENTER & TO REPEAT DEFINITION OF DEFAULT INPUT FILE 

 symmetry group of the molecule :   c1 

 the group has the following generators :
   c1(z)

    1 symmetry operations found

 SPECIFICATION OF MOLECULAR GEOMETRY ( #ATOMS=0     SYMMETRY=c1  )
 YOU MAY USE ONE OF THE FOLLOWING COMMANDS : 
 sy <group> <eps> : DEFINE MOLECULAR SYMMETRY (default for eps=3d-1)
 desy <eps>       : DETERMINE MOLECULAR SYMMETRY AND ADJUST 
                     COORDINATES (default for eps=1d-6)
 syndi <eps>      : LIKE DESY, BUT FIND ONLY GROUPS WITH NON-
                     DEGENERATE IRREPS (D2h AND SUBGROUPS)
 susy             : ADJUST COORDINATES FOR SUBGROUPS
 ai               : ADD ATOMIC COORDINATES INTERACTIVELY
 a <file>         : ADD ATOMIC COORDINATES FROM FILE <file>
 aa <file>        : ADD ATOMIC COORDINATES IN ANGSTROEM UNITS FROM FILE <file>
 sub              : SUBSTITUTE AN ATOM BY A GROUP OF ATOMS
 i                : INTERNAL COORDINATE MENU 
 ired             : REDUNDANT INTERNAL COORDINATES
 pbc_ired         : PERIODIC REDUNDANT INTERNAL COORDINATES
 red_info         : DISPLAY REDUNDANT INTERNAL COORDINATES
 ff               : UFF-FORCEFIELD CALCULATION
 m                : MANIPULATE GEOMETRY
 frag             : Define Fragments for BSSE calculation
 w <file>         : WRITE MOLECULAR COORDINATES TO FILE <file> 
 r <file>         : RELOAD ATOMIC AND INTERNAL COORDINATES FROM FILE <file>
 name             : CHANGE ATOMIC IDENTIFIERS 
 del              : DELETE ATOMS 
 fix              : FIX ATOMS 
 dis              : DISPLAY MOLECULAR GEOMETRY 
 banal            : CARRY OUT BOND ANALYSIS 
 *                : TERMINATE MOLECULAR GEOMETRY SPECIFICATION 
                     AND WRITE GEOMETRY DATA TO CONTROL FILE 

 IF YOU APPEND A QUESTION MARK TO ANY COMMAND AN EXPLANATION
 OF THAT COMMAND MAY BE GIVEN 


 CARTESIAN COORDINATES FOR   8 ATOMS HAVE SUCCESSFULLY 
 BEEN ADDED. 
 DEFINITIONS OF INTERNAL COORDINATES HAVE  N O T  BEEN READ. 
 SPECIFICATION OF BOND TOPOLOGY HAS  N O T  BEEN READ. 

 SPECIFICATION OF MOLECULAR GEOMETRY ( #ATOMS=8     SYMMETRY=c1  )
 YOU MAY USE ONE OF THE FOLLOWING COMMANDS : 
 sy <group> <eps> : DEFINE MOLECULAR SYMMETRY (default for eps=3d-1)
 desy <eps>       : DETERMINE MOLECULAR SYMMETRY AND ADJUST 
                     COORDINATES (default for eps=1d-6)
 syndi <eps>      : LIKE DESY, BUT FIND ONLY GROUPS WITH NON-
                     DEGENERATE IRREPS (D2h AND SUBGROUPS)
 susy             : ADJUST COORDINATES FOR SUBGROUPS
 ai               : ADD ATOMIC COORDINATES INTERACTIVELY
 a <file>         : ADD ATOMIC COORDINATES FROM FILE <file>
 aa <file>        : ADD ATOMIC COORDINATES IN ANGSTROEM UNITS FROM FILE <file>
 sub              : SUBSTITUTE AN ATOM BY A GROUP OF ATOMS
 i                : INTERNAL COORDINATE MENU 
 ired             : REDUNDANT INTERNAL COORDINATES
 pbc_ired         : PERIODIC REDUNDANT INTERNAL COORDINATES
 red_info         : DISPLAY REDUNDANT INTERNAL COORDINATES
 ff               : UFF-FORCEFIELD CALCULATION
 m                : MANIPULATE GEOMETRY
 frag             : Define Fragments for BSSE calculation
 w <file>         : WRITE MOLECULAR COORDINATES TO FILE <file> 
 r <file>         : RELOAD ATOMIC AND INTERNAL COORDINATES FROM FILE <file>
 name             : CHANGE ATOMIC IDENTIFIERS 
 del              : DELETE ATOMS 
 fix              : FIX ATOMS 
 dis              : DISPLAY MOLECULAR GEOMETRY 
 banal            : CARRY OUT BOND ANALYSIS 
 *                : TERMINATE MOLECULAR GEOMETRY SPECIFICATION 
                     AND WRITE GEOMETRY DATA TO CONTROL FILE 

 IF YOU APPEND A QUESTION MARK TO ANY COMMAND AN EXPLANATION
 OF THAT COMMAND MAY BE GIVEN 


 YOU DID NOT YET DEFINE ANY INTERNAL COORDINATES !

 ONLY AN INCOMPLETE SET OF   -1 INTERNALS SPECIFIED
 RECOMMENDATION: USE CARTESIAN COORDINATES (ENTER no BELOW)
 FOR ANY OTHER ANSWER YOU RETURN TO THE PREVIOUS MENU AGAIN

 IF YOU DO NOT WANT TO USE INTERNAL COORDINATES ENTER  no


 GEOMETRY DATA WILL BE WRITTEN TO FILE coord

 filename not specified ! 


 SUPPLYING BASIS SETS TO    8 ATOMS 
 #                                                                       
 #                       BASIS SET LIBRARY FOR SODIUM                    
 #            ECPs, HONDO-BASIS SETS FROM basen AND                      
 #     FULLY OPTIMIZED BASIS SETS FROM newbas MERGED 02/6/93             
 #                                                                       
 #         abbreviation hondo refers to the version 7.0 of HONDO         
 #                                                                       
 #                                                                       
 ########################################################################
 #       HF limit : E(2S) = -161.85891 a.u. (C. Froese Fischer, 1977)    
 ########################################################################
 #       Roothaan parameters for Na(2S) in symmetry I:                   
 #        a = 0      b = 0                                               
 ########################################################################
 na def-SV(P)                                                            
 # na (10s6p)/[4s2p] {5311/51}                                           
 # ROHF(equiv) energy is -161.79260960510 a.u.  (virial theorem = 1.99915
 # UHF(equiv)  energy is -161.79263263632 a.u.  (virial theorem = 1.99915
 
 ==============================================================================
 NOTE: Improved basis sets are available for H-Rn ("def2-bases").
 For further information type "bi".
 ==============================================================================

 ATOMIC ATTRIBUTE DEFINITION MENU  ( #atoms=8     #bas=8     #ecp=0     )

 b    : ASSIGN ATOMIC BASIS SETS 
 bb   : b RESTRICTED TO BASIS SET LIBRARY 
 bl   : LIST ATOMIC BASIS SETS ASSIGNED
 bm   : MODIFY DEFINITION OF ATOMIC BASIS SET
 bp   : SWITCH BETWEEN 5d/7f AND 6d/10f
 lib  : SELECT BASIS SET LIBRARY
 ecp  : ASSIGN EFFECTIVE CORE POTENTIALS 
 ecpb : ecp RESTRICTED TO BASIS SET LIBRARY 
 ecpi : GENERAL INFORMATION ABOUT EFFECTIVE CORE POTENTIALS
 ecpl : LIST EFFECTIVE CORE POTENTIALS ASSIGNED
 ecprm: REMOVE EFFECTIVE CORE POTENTIAL(S)
 c    : ASSIGN NUCLEAR CHARGES (IF DIFFERENT FROM DEFAULTS) 
 cem  : ASSIGN NUCLEAR CHARGES FOR EMBEDDING 
 m    : ASSIGN ATOMIC MASSES (IF DIFFERENT FROM DEFAULTS) 
 iso  : ASSIGN ISOTOPE FOR NUCLEAR COUPLING CALCULATION 
 dis  : DISPLAY MOLECULAR GEOMETRY 
 dat  : DISPLAY ATOMIC ATTRIBUTES YET ESTABLISHED 
 h    : EXPLANATION OF ATTRIBUTE DEFINITION SYNTAX 
 *    : TERMINATE THIS SECTION AND WRITE DATA OR DATA REFERENCES TO control
 GOBACK=& (TO GEOMETRY MENU !)


 SUPPLYING BASIS SETS TO    8 ATOMS 

 ATOMIC ATTRIBUTE DEFINITION MENU  ( #atoms=8     #bas=8     #ecp=0     )

 b    : ASSIGN ATOMIC BASIS SETS 
 bb   : b RESTRICTED TO BASIS SET LIBRARY 
 bl   : LIST ATOMIC BASIS SETS ASSIGNED
 bm   : MODIFY DEFINITION OF ATOMIC BASIS SET
 bp   : SWITCH BETWEEN 5d/7f AND 6d/10f
 lib  : SELECT BASIS SET LIBRARY
 ecp  : ASSIGN EFFECTIVE CORE POTENTIALS 
 ecpb : ecp RESTRICTED TO BASIS SET LIBRARY 
 ecpi : GENERAL INFORMATION ABOUT EFFECTIVE CORE POTENTIALS
 ecpl : LIST EFFECTIVE CORE POTENTIALS ASSIGNED
 ecprm: REMOVE EFFECTIVE CORE POTENTIAL(S)
 c    : ASSIGN NUCLEAR CHARGES (IF DIFFERENT FROM DEFAULTS) 
 cem  : ASSIGN NUCLEAR CHARGES FOR EMBEDDING 
 m    : ASSIGN ATOMIC MASSES (IF DIFFERENT FROM DEFAULTS) 
 iso  : ASSIGN ISOTOPE FOR NUCLEAR COUPLING CALCULATION 
 dis  : DISPLAY MOLECULAR GEOMETRY 
 dat  : DISPLAY ATOMIC ATTRIBUTES YET ESTABLISHED 
 h    : EXPLANATION OF ATTRIBUTE DEFINITION SYNTAX 
 *    : TERMINATE THIS SECTION AND WRITE DATA OR DATA REFERENCES TO control
 GOBACK=& (TO GEOMETRY MENU !)


 BASIS SETS WILL BE WRITTEN TO FILE basis BY DEFAULT


              +--------------------------------------------------+
              |               basis set information              |
              +--------------------------------------------------+

              we will work with the 1s 3p 5d 7f 9g ... basis set
              ...i.e. with spherical basis functions...

   type   atoms  prim   cont   basis
   ---------------------------------------------------------------------------
    na       8     28     10   def-SV(P)   [4s2p|10s6p]
   ---------------------------------------------------------------------------
   total:    8    224     80
   ---------------------------------------------------------------------------

   total number of primitive shells          :   16
   total number of contracted shells         :   48
   total number of cartesian basis functions :   80
   total number of SCF-basis functions       :   80


              ATOMIC COORDINATES              ATOM SHELLS CHARGE PSEUDO MASS
     7.91204060    5.67574023    5.00129246    na     6     11.     0 22.990
     3.70373269    3.03925668    0.11951922    na     6     11.     0 22.990
     4.93871972   12.32080665    5.49473211    na     6     11.     0 22.990
    10.01653038   10.87314383    1.61323455    na     6     11.     0 22.990
     9.02857952    5.77048722   -2.22767881    na     6     11.     0 22.990
     1.38841941    6.91946340    4.70362428    na     6     11.     0 22.990
     9.72225438    0.12484399    1.39352753    na     6     11.     0 22.990
     3.85000953    9.64058355   -0.92774918    na     6     11.     0 22.990
 

 we will work with the  1s 3p

 there are 1 real representations :   a   

 OCCUPATION NUMBER & MOLECULAR ORBITAL DEFINITION MENU 

 CHOOSE COMMAND 
 infsao     : OUTPUT SAO INFORMATION 
 atb        : Switch for writing MOs in ASCII or binary format
 eht        : PROVIDE MOS && OCCUPATION NUMBERS FROM EXTENDED HUECKEL GUESS 
 use <file> : SUPPLY MO INFORMATION USING DATA FROM <file> 
 man        : MANUAL SPECIFICATION OF OCCUPATION NUMBERS 
 hcore      : HAMILTON CORE GUESS FOR MOS
 atoms      : SUPERPOSITION OF ATOMIC DENSITIES
 flip       : FLIP SPIN OF A SELECTED ATOM
 &          : MOVE BACK TO THE ATOMIC ATTRIBUTES MENU THE COMMANDS  use  OR  eht  OR  *  OR q(uit) TERMINATE
 THIS MENU !!! 


 FOR EXPLANATIONS APPEND A QUESTION MARK (?) TO ANY COMMAND 


 PROVIDING EHT AOS FOR THE FOLLOWING SET OF ATOMS :
     1 na           2 na           3 na           4 na           5 na      
     6 na           7 na           8 na      
 for the  11 electrons of the actual atom you have
 to provide at least basis functions for the AO's :   3s  1p  0d  0f


 DO YOU WANT THE DEFAULT PARAMETERS FOR THE EXTENDED HUECKEL CALCULATION ? 
 DEFAULT=y   HELP=? 


 ENTER THE MOLECULAR CHARGE  (DEFAULT=0) 


 NUMBER OF ELECTRONS IN YOUR MOLECULE IS   89


 AUTOMATIC OCCUPATION NUMBER ASSIGNMENT ESTABLISHED !
 FOUND HALF-OPEN SHELL CASE WITH MULTIPLICITY 2

 ORBITAL  SYMMETRY    ENERGY     ALPHA OCC.    BETA OCC.
 (SHELL)    TYPE                PER ORBITAL   PER ORBITAL
    41    41a          -0.22247      1           1
    42    42a          -0.20479      1           1
    43    43a          -0.18203      1           1
    44    44a          -0.15777      1           1
    45    45a          -0.04704      1           0
    46    46a           0.07812      0           0
    47    47a           0.09917      0           0
    48    48a           0.18451      0           0

 DO YOU ACCEPT THIS OCCUPATION ?  DEFAULT=y 


 CANNOT FIND $scforbitalshift ENTRY IN control TO COPY INTO control
 WILL USE DEFAULT SETTING for UHF: automatic=.1


 PROVIDING  'derivative'  DEFAULT PARAMETERS ...

 PROVIDING FORCE RELAXATION DEFAULT PARAMETERS ...
 
 DO YOU REALLY WANT TO WRITE OUT NATURAL ORBITALS ?  DEFAULT=n
 

    mo occupation :
   irrep   mo's   occupied
    a       80       45
 
 number of basis functions   :    80
 number of occupied orbitals :    45
 
 GENERAL MENU : SELECT YOUR TOPIC 
 scf    : SELECT NON-DEFAULT SCF PARAMETER 
 mp2    : OPTIONS AND DATA GROUPS FOR rimp2 and mpgrad
 cc     : OPTIONS AND DATA GROUPS FOR ricc2
 pnocc  : OPTIONS AND DATA GROUPS FOR pnoccsd
 ex     : EXCITED STATE AND RESPONSE OPTIONS
 prop   : SELECT TOOLS FOR SCF-ORBITAL ANALYSIS 
 drv    : SELECT NON-DEFAULT INPUT PARAMETER FOR EVALUATION
          OF ANALYTICAL ENERGY DERIVATIVES 
          (GRADIENTS, FORCE CONSTANTS) 
 rex    : SELECT OPTIONS FOR GEOMETRY UPDATES USING RELAX
 stp    : SELECT NON-DEFAULT STRUCTURE OPTIMIZATION PARAMETER
 e      : DEFINE EXTERNAL ELECTROSTATIC FIELD 
 b      : DEFINE EXTERNAL MAGNETIC FIELD 
 dft    : DFT Parameters 
 ri     : RI Parameters 
 rijk   : RI-JK-HF Parameters 
 rirpa  : RIRPA Parameters 
 gw     : OPTIONS AND DATA GROUPS FOR GW (escf) 
 senex  : seminumeric exchange parameters 
 hybno  : hybrid Noga/Diag parameters
 dsp    : DFT dispersion correction
 nmr    : NMR shift parameters
 ncoup  : NMR coupling parameters
 epr    : EPR parameters
 trunc  : USE TRUNCATED AUXBASIS DURING ITERATIONS 

 marij  : MULTIPOLE ACCELERATED RI-J 
 fde    : Frozen Density Embedding 
 dis    : DISPLAY MOLECULAR GEOMETRY 
 list   : LIST OF CONTROL FILE 
 &      : GO BACK TO OCCUPATION/ORBITAL ASSIGNMENT MENU
 * or q : END OF DEFINE SESSION 

 GENERAL MENU : SELECT YOUR TOPIC 
 scf    : SELECT NON-DEFAULT SCF PARAMETER 
 mp2    : OPTIONS AND DATA GROUPS FOR rimp2 and mpgrad
 cc     : OPTIONS AND DATA GROUPS FOR ricc2
 pnocc  : OPTIONS AND DATA GROUPS FOR pnoccsd
 ex     : EXCITED STATE AND RESPONSE OPTIONS
 prop   : SELECT TOOLS FOR SCF-ORBITAL ANALYSIS 
 drv    : SELECT NON-DEFAULT INPUT PARAMETER FOR EVALUATION
          OF ANALYTICAL ENERGY DERIVATIVES 
          (GRADIENTS, FORCE CONSTANTS) 
 rex    : SELECT OPTIONS FOR GEOMETRY UPDATES USING RELAX
 stp    : SELECT NON-DEFAULT STRUCTURE OPTIMIZATION PARAMETER
 e      : DEFINE EXTERNAL ELECTROSTATIC FIELD 
 b      : DEFINE EXTERNAL MAGNETIC FIELD 
 dft    : DFT Parameters 
 ri     : RI Parameters 
 rijk   : RI-JK-HF Parameters 
 rirpa  : RIRPA Parameters 
 gw     : OPTIONS AND DATA GROUPS FOR GW (escf) 
 senex  : seminumeric exchange parameters 
 hybno  : hybrid Noga/Diag parameters
 dsp    : DFT dispersion correction
 nmr    : NMR shift parameters
 ncoup  : NMR coupling parameters
 epr    : EPR parameters
 trunc  : USE TRUNCATED AUXBASIS DURING ITERATIONS 

 marij  : MULTIPOLE ACCELERATED RI-J 
 fde    : Frozen Density Embedding 
 dis    : DISPLAY MOLECULAR GEOMETRY 
 list   : LIST OF CONTROL FILE 
 &      : GO BACK TO OCCUPATION/ORBITAL ASSIGNMENT MENU
 * or q : END OF DEFINE SESSION 


 ***********************************************************
 *                                                         *
 *                       e n d   o f                       *
 *                       D E F I N E                       *
 *                                                         *
 ***********************************************************


    ------------------------------------------------------------------------
         total  cpu-time :   0.09 seconds
         total wall-time :   0.09 seconds
    ------------------------------------------------------------------------

   ****  define : all done  ****


    2025-09-05 11:25:54.579 

