
  TURBOMOLE 7.9 @ PARA_ARCH=SEQ loaded to current session/environment.

  Dependent module system/ssh_wrapper  loaded to current session/environment.

Frame 0 is being relaxed. 

Frame 0: Energy = -35306.38047752 eV (-1297.4855615920 Ha)
# Forces (eV/Å) / (Ha/Bohr):
Na   4.779932e-02  2.114547e-02 -1.717389e-01   ||   9.295488e-04  4.112140e-04 -3.339791e-03
Na  -2.695768e-02  9.841002e-02  1.460448e-01   ||  -5.242434e-04  1.913770e-03  2.840120e-03
Na  -4.548626e-02 -3.063031e-02  8.529792e-03   ||  -8.845669e-04 -5.956647e-04  1.658780e-04
Na   4.515019e-02  3.117883e-02 -1.596181e-02   ||   8.780315e-04  6.063317e-04 -3.104078e-04
Na   3.256951e-02 -4.567769e-02  7.007813e-03   ||   6.333761e-04 -8.882897e-04  1.362803e-04
Na   7.288494e-02 -4.384273e-02  1.558761e-01   ||   1.417386e-03 -8.526053e-04  3.031308e-03
Na  -9.169562e-02 -7.328555e-02 -1.313383e-01   ||  -1.783196e-03 -1.425177e-03 -2.554124e-03
Na  -3.290552e-02  4.510229e-02  1.868382e-04   ||  -6.399106e-04  8.770999e-04  3.633424e-06
Frame 1 is being relaxed. 

Frame 1: Energy = -35306.24241520 eV (-1297.4804878950 Ha)
# Forces (eV/Å) / (Ha/Bohr):
Na  -2.801555e-03  1.468375e-03 -2.947256e-03   ||  -5.448156e-05  2.855535e-05 -5.731500e-05
Na  -6.120179e-02  2.873372e-02 -2.803600e-02   ||  -1.190185e-03  5.587819e-04 -5.452135e-04
Na   1.124463e-01 -1.592504e-01  2.574614e-02   ||   2.186733e-03 -3.096928e-03  5.006828e-04
Na   3.723581e-02  3.746301e-02 -3.615039e-02   ||   7.241212e-04  7.285395e-04 -7.030131e-04
Na  -1.865216e-02  7.365383e-02 -3.672128e-02   ||  -3.627268e-04  1.432339e-03 -7.141153e-04
Na  -5.759264e-02 -3.507210e-02  5.590457e-03   ||  -1.119999e-03 -6.820438e-04  1.087171e-04
Na  -3.134991e-02  1.289949e-01  1.292818e-01   ||  -6.096586e-04  2.508552e-03  2.514132e-03
Na   2.288103e-02 -7.575075e-02 -5.781536e-02   ||   4.449651e-04 -1.473118e-03 -1.124330e-03
Frame 2 is being relaxed. 

Frame 2: Energy = -35306.23851262 eV (-1297.4803444780 Ha)
# Forces (eV/Å) / (Ha/Bohr):
Na  -7.968919e-02 -1.024782e-02 -1.359810e-01   ||  -1.549708e-03 -1.992884e-04 -2.644409e-03
Na   1.555016e-01 -2.245832e-03  2.754998e-02   ||   3.024025e-03 -4.367448e-05  5.357618e-04
Na  -6.779891e-05 -4.750456e-02  4.930812e-02   ||  -1.318479e-06 -9.238167e-04  9.588902e-04
Na  -3.997552e-02  5.408587e-02  1.023267e-02   ||  -7.774000e-04  1.051803e-03  1.989938e-04
Na  -4.398999e-02 -5.023138e-02  1.950721e-02   ||  -8.554691e-04 -9.768447e-04  3.793549e-04
Na  -2.736288e-03  9.806498e-04  4.729864e-03   ||  -5.321233e-05  1.907060e-05  9.198122e-05
Na   9.710809e-03 -2.795311e-03 -1.594568e-02   ||   1.888452e-04 -5.436014e-05 -3.100941e-04
Na   1.860483e-03  5.729710e-02  4.011785e-02   ||   3.618063e-05  1.114251e-03  7.801680e-04
Frame 3 is being relaxed. 

Frame 3: Energy = -35305.87974391 eV (-1297.4671599710 Ha)
# Forces (eV/Å) / (Ha/Bohr):
Na  -6.724867e-03 -6.724867e-03  5.661400e-02   ||  -1.307778e-04 -1.307778e-04  1.100967e-03
Na   3.046293e-02 -3.962438e-02  2.784022e-02   ||   5.924097e-04 -7.705714e-04  5.414062e-04
Na  -3.962438e-02  3.046293e-02  2.784022e-02   ||  -7.705714e-04  5.924097e-04  5.414062e-04
Na  -1.376129e-01 -1.376129e-01 -3.763872e-02   ||  -2.676144e-03 -2.676144e-03 -7.319565e-04
Na   6.007975e-03  6.007975e-03 -5.700165e-02   ||   1.168365e-04  1.168365e-04 -1.108506e-03
Na  -2.968071e-02  3.982526e-02 -2.827863e-02   ||  -5.771979e-04  7.744780e-04 -5.499319e-04
Na   3.982526e-02 -2.968071e-02 -2.827863e-02   ||   7.744780e-04 -5.771979e-04 -5.499319e-04
Na   1.373659e-01  1.373659e-01  3.891466e-02   ||   2.671342e-03  2.671342e-03  7.567697e-04
Frame 4 is being relaxed. 

Frame 4: Energy = -35305.96587099 eV (-1297.4703250830 Ha)
# Forces (eV/Å) / (Ha/Bohr):
Na   2.200638e-02  1.039440e-02  6.341568e-02   ||   4.279559e-04  2.021388e-04  1.233239e-03
Na   1.504733e-01  3.478495e-02 -1.203477e-01   ||   2.926240e-03  6.764595e-04 -2.340389e-03
Na   1.861137e-02  6.974939e-02 -2.270731e-02   ||   3.619336e-04  1.356410e-03 -4.415869e-04
Na  -2.695015e-02  2.669860e-02  6.130633e-02   ||  -5.240970e-04  5.192050e-04  1.192218e-03
Na  -6.828147e-02  1.976138e-02  6.368418e-03   ||  -1.327863e-03  3.842976e-04  1.238460e-04
Na  -8.850350e-02 -1.538208e-01  8.717947e-02   ||  -1.721119e-03 -2.991339e-03  1.695371e-03
Na  -5.461088e-02 -2.414560e-03 -3.933163e-02   ||  -1.062013e-03 -4.695572e-05 -7.648784e-04
Na   4.642545e-02 -4.415781e-03 -3.698527e-02   ||   9.028312e-04 -8.587327e-05 -7.192491e-04
Frame 5 is being relaxed. 

Frame 5: Energy = -35305.84499396 eV (-1297.4658829340 Ha)
# Forces (eV/Å) / (Ha/Bohr):
Na   2.047460e-01  1.140848e-02 -5.018411e-02   ||   3.981675e-03  2.218596e-04 -9.759256e-04
Na   1.004407e-02  2.958530e-02  5.562759e-02   ||   1.953261e-04  5.753426e-04  1.081784e-03
Na  -4.892938e-02  2.769404e-02 -4.383783e-02   ||  -9.515249e-04  5.385633e-04 -8.525102e-04
Na   3.541431e-04 -6.156762e-02  6.804397e-03   ||   6.886987e-06 -1.197300e-03  1.323245e-04
Na  -4.100036e-03  5.795377e-02 -3.501116e-03   ||  -7.973300e-05  1.127021e-03 -6.808586e-05
Na   9.638868e-03  4.752784e-03 -3.656668e-03   ||   1.874461e-04  9.242693e-05 -7.111086e-05
Na  -1.210627e-02 -2.805439e-02 -5.008150e-02   ||  -2.354296e-04 -5.455711e-04 -9.739300e-04
Na  -1.587392e-01 -4.039188e-02  8.895643e-02   ||  -3.086985e-03 -7.854970e-04  1.729927e-03
Frame 6 is being relaxed. 
Traceback (most recent call last):
  File "/pfs/data6/home/ka/ka_iti/ka_ds7488/al_project/Active-Learning-Workflow/relabel/relabel.py", line 37, in <module>
    energy_eV = atoms.get_potential_energy()
                ^^^^^^^^^^^^^^^^^^^^^^^^^^^^
  File "/home/ka/ka_iti/ka_ds7488/miniconda3/envs/gpaw-env/lib/python3.11/site-packages/ase/atoms.py", line 772, in get_potential_energy
    energy = self._calc.get_potential_energy(self)
             ^^^^^^^^^^^^^^^^^^^^^^^^^^^^^^^^^^^^^
  File "/home/ka/ka_iti/ka_ds7488/miniconda3/envs/gpaw-env/lib/python3.11/site-packages/ase/calculators/turbomole/turbomole.py", line 524, in get_potential_energy
    self.converged = read_convergence(self.restart, self.parameters)
                     ^^^^^^^^^^^^^^^^^^^^^^^^^^^^^^^^^^^^^^^^^^^^^^^
  File "/home/ka/ka_iti/ka_ds7488/miniconda3/envs/gpaw-env/lib/python3.11/site-packages/ase/calculators/turbomole/reader.py", line 161, in read_convergence
    raise RuntimeError('scf failed to converge')
RuntimeError: scf failed to converge

============================= JOB FEEDBACK =============================

NodeName=uc3n002
Job ID: 1353772
Cluster: uc3
User/Group: ka_ds7488/ka_iti
State: FAILED (exit code 1)
Nodes: 1
Cores per node: 2
CPU Utilized: 01:52:43
CPU Efficiency: 49.46% of 03:47:54 core-walltime
Job Wall-clock time: 01:53:57
Memory Utilized: 99.39 MB
Memory Efficiency: 2.48% of 3.91 GB (1.95 GB/core)
